#-----------------------------------------------------------
# Vivado v2018.3 (64-bit)
# SW Build 2405991 on Thu Dec  6 23:38:27 MST 2018
# IP Build 2404404 on Fri Dec  7 01:43:56 MST 2018
# Start of session at: Sat May 24 19:18:36 2025
# Process ID: 37496
# Current directory: F:/FPGA/xiaozu/chaoshengboceju
# Command line: vivado.exe -gui_launcher_event rodinguilauncherevent38964 F:\FPGA\xiaozu\chaoshengboceju\chaoshengboceju.xpr
# Log file: F:/FPGA/xiaozu/chaoshengboceju/vivado.log
# Journal file: F:/FPGA/xiaozu/chaoshengboceju\vivado.jou
#-----------------------------------------------------------
start_gui
open_project F:/FPGA/xiaozu/chaoshengboceju/chaoshengboceju.xpr
Scanning sources...
Finished scanning sources
INFO: [IP_Flow 19-234] Refreshing IP repositories
INFO: [IP_Flow 19-1704] No user IP repositories specified
INFO: [IP_Flow 19-2313] Loaded Vivado IP repository 'D:/vivado/Vivado/2018.3/data/ip'.
update_compile_order -fileset sources_1
exit
INFO: [Common 17-206] Exiting Vivado at Sat May 24 19:52:25 2025...
